Arguments: 
  C:\Program Files\nodejs\node.exe C:\Users\shawn\AppData\Roaming\npm\node_modules\yarn\bin\yarn.js

PATH: 
  C:\Windows\system32;C:\Windows;C:\Windows\System32\Wbem;C:\Windows\System32\WindowsPowerShell\v1.0\;C:\Windows\System32\OpenSSH\;C:\Program Files (x86)\NVIDIA Corporation\PhysX\Common;C:\Program Files\NVIDIA Corporation\NVIDIA NvDLISR;C:\Program Files\nodejs\;C:\ProgramData\chocolatey\bin;C:\Program Files\Git\cmd;C:\Program Files (x86)\Windows Kits\10\Windows Performance Toolkit\;F:\Bandizip\;F:\Microsoft VS Code\bin;C:\Users\shawn\AppData\Roaming\npm;C:\Python27;C:\Users\shawn\AppData\Local\Yarn\bin;

Yarn version: 
  1.22.0

Node version: 
  12.16.1

Platform: 
  win32 x64

Trace: 
  SyntaxError: G:\Project\taro-video-demo\package.json: Unexpected token } in JSON at position 1492
      at JSON.parse (<anonymous>)
      at C:\Users\shawn\AppData\Roaming\npm\node_modules\yarn\lib\cli.js:1625:59
      at Generator.next (<anonymous>)
      at step (C:\Users\shawn\AppData\Roaming\npm\node_modules\yarn\lib\cli.js:310:30)
      at C:\Users\shawn\AppData\Roaming\npm\node_modules\yarn\lib\cli.js:321:13

npm manifest: 
  {
    "name": "taro-video-demo",
    "version": "1.0.0",
    "private": true,
    "repository": "https://github.com/elioven/taro-video-demo.git",
    "author": "shawn",
    "license": "MIT",
    "scripts": {
  		"build:weapp": "taro build --type weapp",
  		"build:swan": "taro build --type swan",
  		"build:alipay": "taro build --type alipay",
  		"build:tt": "taro build --type tt",
  		"build:h5": "cross-env CLIENT_ENV=h5 taro build --type h5",
  		"build:rn": "cross-env CLIENT_ENV=rn taro build --type rn",
  		"dev:weapp": "npm run build:weapp -- --watch",
  		"dev:swan": "npm run build:swan -- --watch",
  		"dev:alipay": "npm run build:alipay -- --watch",
  		"dev:tt": "npm run build:tt -- --watch",
  		"dev:h5": "cross-env CLIENT_ENV=h5 npm run build:h5 -- --watch",
  		"dev:rn": "cross-env CLIENT_ENV=rn npm run build:rn -- --watch"
    },
    "dependencies": {
  		"@tarojs/async-await": "1.3.31",
  		"@tarojs/components": "1.3.31",
  		"@tarojs/components-rn": "1.3.31",
  		"@tarojs/redux": "1.3.31",
  		"@tarojs/redux-h5": "1.3.31",
  		"@tarojs/rn-runner": "1.3.31",
  		"@tarojs/router": "1.3.31",
  		"@tarojs/taro": "1.3.31",
  		"@tarojs/taro-alipay": "1.3.31",
  		"@tarojs/taro-h5": "1.3.31",
  		"@tarojs/taro-redux-rn": "1.3.31",
  		"@tarojs/taro-rn": "1.3.31",
  		"@tarojs/taro-router-rn": "1.3.31",
  		"@tarojs/taro-swan": "1.3.31",
  		"@tarojs/taro-tt": "1.3.31",
  		"@tarojs/taro-weapp": "1.3.31",
  		"nerv-devtools": "^1.5.6",
  		"nervjs": "^1.5.6",
  		"redux": "^4.0.0",
  		"redux-logger": "^3.0.6",
  		"redux-thunk": "^2.3.0",
  	},
  	"devDependencies": {
  		"@tarojs/cli": "1.3.31",
  		"@tarojs/plugin-babel": "1.3.31",
  		"@tarojs/plugin-csso": "1.3.31",
  		"@tarojs/plugin-sass": "1.3.31",
  		"@tarojs/plugin-uglifyjs": "1.3.31",
  		"@tarojs/webpack-runner": "1.3.31",
  		"@types/react": "^16.4.8",
  		"@types/webpack-env": "^1.13.6",
  		"babel-eslint": "^8.2.3",
  		"babel-plugin-transform-class-properties": "^6.24.1",
  		"babel-plugin-transform-decorators-legacy": "^1.3.31",
  		"babel-plugin-transform-jsx-stylesheet": "^0.6.5",
  		"babel-plugin-transform-object-rest-spread": "^6.26.0",
  		"babel-preset-env": "^1.6.1",
  		"cross-env": "^5.2.0",
  		"eslint": "^4.19.1",
  		"eslint-config-taro": "1.3.31",
  		"eslint-plugin-import": "^2.12.0",
  		"eslint-plugin-react": "^7.8.2",
  		"eslint-plugin-taro": "1.3.31"
  	}
  }

yarn manifest: 
  No manifest

Lockfile: 
  # THIS IS AN AUTOGENERATED FILE. DO NOT EDIT THIS FILE DIRECTLY.
  # yarn lockfile v1
